==================================================
164 Methods in QZone:
**************************************************
addTask:
caretRect
setAsset:
isFull
showKeyboard
sharedEngine
selectionChanged
handleMemoryWarning
animationDidStop:finished:context:
computeLayout
longPress:
handleLongPress
handlePan:
commonInit
send
initWithDelegate:
initWithCollectionView:layout:
collectionItemKeyForSupplementaryViewOfKind:andIndexPath:
_close
memoryWarning:
initWithConnection:
removeTarget:
recomputeFromIndex:
removeDelegate:
refreshAlbums
startAnimation
shadow
imageForURL:
execute
decodeData:
databasePath
initWithUUID:
tap:
frameForItemAtIndexPath:
collectionItemKeyForLayoutAttributes:
adjust
addRow
clearCachedStatements
collectionItemKeyForCellWithIndexPath:
handleDoubleTap:
touchUp:
addObserver:
updateArrow
toDictionary
handleRequest:
hide
updatePhoto
startAnimation:
resizeSubviewsWithOldSize:
setState:
requestCount
method
send:
compareIndexPaths:
keyboardWillShow:
addItem
log:
initWithLocation:
removeItemAtIndex:
dismiss:
menuControllerWillHide:
addDelegate:
setOffset:
updateTitle
tapGesture:
cancel:
unloadView
globalIndexForItemAtIndexPath:
clearHistory
hideLoadingIndicator
show:
setObject:
viewDidMoveToSuperview
textFieldTextDidChange:
cellHeight
initWithInitialIndexPath:finalIndexPath:updateAction:
setProfile:
takePhoto
applicationWillResignActive
pop
cleanUp
done
_fadeOut
groupAtIndex:
cancelLoad
applicationDidBecomeActive
use
startTimer
prepare
clearText
addRequest:
copyFromSection:
didFinish
initWithAction:forIndexPath:
sqlString
newIndexPath
didScroll
initWithImagePath:
saveChanges
willEnterForeground
setIcon:
rectForItemAtIndexPath:
deviceOrientationDidChange:
beginTransaction
textChanged:
isScrolling
collectionViewContentRect
viewAtIndex:
willDisappear
save
keyboardWillHide:
layoutRow
initWithView:
sharedQueue
initWithProtocol:
numberOfRows
keyboardDidShow:
onNotificationReceived:
tokenName:
insertItem:
inverseCompareIndexPaths:
clearDelegate
addAttribute:
delete
saveState
failWithError:
initWithType:
createThumbView
enterBackground
didScroll:
collectionItemKeyForDecorationViewOfKind:andIndexPath:
stopAnimation:
touchDown:
buttonClicked:
didAppear
encodingName
sendMessage:
willRotate:
stopAnimation
cancelDownload
singleTap:
finish
addSection
_refresh
initWithDispatchQueue:
invalidate:
rotateByRadians:
hideKeyboard
setPadding:
generateSubviews
isSectionOperation
initWithWindow:
initWithOldIndexPath:newIndexPath:
validate
netService:didAcceptConnectionWithInputStream:outputStream:
indexPathForItemAtGlobalIndex:
clear
setOrientation:animated:
handleLongPress:
validateLayoutInRect:
endTransaction
clearTimer
numberOfItemsBeforeSection:
showCancelButton
==================================================
171 Methods not in QZone:
**************************************************
pasteboard
luminance
setCancelled:
random
cellClass
reconnect
setFromRect:
setOwner:
pointer
group
generator
setPaddingRight:
add
cleanup
pair
Path
hidden
setMaxWidth:
attachment
setBlurRadius:
setError:
read
fadeOut
setEndValue:
setTapDelegate:
valueForPasteboardType:
emailAddress
entries
interrupt
isRotated
now
categories
setNavTitle:
setOrientation
setLeft:
ivar
Secure
setRecipient:
remove
setCountryCode:
sendMessage
debug
setInterval:
setObserver:
setRequestMethod:
setInputMode:
activate
methods
dump
setDevice:
setIsBirthday:
tag:
minValue
touch
table
download
album
appear
imageRef
sum
setAccountLabel:
postalAddress
setIndex:
preload
bold
setWebView:
setAnimating:
setTitleText:
setEnvironment:
setLanguage:
setDisabled:
Comment
Domain
setIsSelected:
adapter
changed
versionNumber
setAddresses:
signature
setCancelButton:
setLabelText:
setContentFrame:
block
shuffle
render
sync
visible
setUser:
backButtonTitle
suspended
apply
setController:
setItem:
setVideoView:
statistics
setScheme:
setEditDelegate:
setCompletion:
negative
setOperation:
setStartValue:
call
types
setConnection:
setMax:
setLayer:
endElement
setHeaderView:
precision
setLineHeight:
setDetail:
count:
setLabelFont:
setCreationDate:
present
socket
setFileWrapper:
flip
setModel:
setPassword:
setPaddingTop:
setMediaType:
scalingFactor
setDateString:
setOrigin:
clip
correction
parser
setAttributes:
setShape:
take
attach
setVerticalAlignment:
setRequestTimeout:
reshape
Expires
mode:
setContentView:
any
valid
setSymbol:
setPaddingLeft:
int64
setCityName:
setLoading:
durationInSeconds
setPaddingBottom:
Name
setQuery:
setDelay:
constructor
setSaturation:
bundle
setParent:
setHash:
setSection:
setTimestamp:
setDisplayName:
setToolbar:
isDirty
setImageData:
expand
listener
bind
curve
Port
setLoaded:
setContrast:
setLevel:
setReuseIdentifier:
order
