==================================================
142 Methods in QZone:
**************************************************
addTask:
caretRect
setAsset:
isFull
showKeyboard
selectionChanged
handleMemoryWarning
animationDidStop:finished:context:
computeLayout
longPress:
handleLongPress
handlePan:
send
initWithCollectionView:layout:
collectionItemKeyForSupplementaryViewOfKind:andIndexPath:
_close
memoryWarning:
initWithConnection:
setState:
recomputeFromIndex:
willRotate:
startAnimation
shadow
imageForURL:
execute
decodeData:
tap:
rectForItemAtIndexPath:
collectionItemKeyForLayoutAttributes:
addRow
clearCachedStatements
collectionItemKeyForCellWithIndexPath:
handleDoubleTap:
touchUp:
addObserver:
updateArrow
frameForItemAtIndexPath:
handleRequest:
hide
updatePhoto
startAnimation:
resizeSubviewsWithOldSize:
removeTarget:
onNotificationReceived:
method
send:
compareIndexPaths:
addItem
log:
willEnterForeground
initWithLocation:
menuControllerWillHide:
addDelegate:
setOffset:
updateTitle
tapGesture:
cancel:
unloadView
globalIndexForItemAtIndexPath:
clearHistory
hideLoadingIndicator
show:
setObject:
viewDidMoveToSuperview
textFieldTextDidChange:
cellHeight
initWithInitialIndexPath:finalIndexPath:updateAction:
takePhoto
applicationWillResignActive
pop
cleanUp
done
_fadeOut
cancelLoad
applicationDidBecomeActive
startTimer
clearText
copyFromSection:
didFinish
sqlString
newIndexPath
didScroll
saveChanges
setIcon:
deviceOrientationDidChange:
beginTransaction
textChanged:
isScrolling
collectionViewContentRect
willDisappear
save
databasePath
layoutRow
initWithView:
sharedQueue
initWithProtocol:
numberOfRows
keyboardDidShow:
requestCount
tokenName:
insertItem:
inverseCompareIndexPaths:
clearDelegate
delete
saveState
initWithType:
createThumbView
viewAtIndex:
didScroll:
collectionItemKeyForDecorationViewOfKind:andIndexPath:
stopAnimation:
touchDown:
buttonClicked:
didAppear
encodingName
sendMessage:
groupAtIndex:
stopAnimation
cancelDownload
singleTap:
finish
addSection
initWithDispatchQueue:
invalidate:
rotateByRadians:
hideKeyboard
setPadding:
generateSubviews
isSectionOperation
initWithWindow:
initWithOldIndexPath:newIndexPath:
initWithAction:forIndexPath:
removeItemAtIndex:
indexPathForItemAtGlobalIndex:
clear
setOrientation:animated:
handleLongPress:
validateLayoutInRect:
endTransaction
clearTimer
numberOfItemsBeforeSection:
showCancelButton
==================================================
148 Methods not in QZone:
**************************************************
pasteboard
random
cellClass
reconnect
setFromRect:
setOwner:
pointer
group
setPaddingRight:
cleanup
Path
hidden
setMaxWidth:
attachment
setBlurRadius:
setError:
fadeOut
void
setEndValue:
setTapDelegate:
listener
emailAddress
entries
interrupt
isRotated
now
categories
setNavTitle:
setOrientation
setLeft:
ivar
Secure
setRecipient:
remove
setCountryCode:
sendMessage
debug
setObserver:
activate
methods
dump
setDevice:
setItem:
minValue
touch
table
download
album
appear
imageRef
sum
setAccountLabel:
postalAddress
setIndex:
setInputMode:
setWebView:
setAnimating:
setTitleText:
setEnvironment:
setLanguage:
setDisabled:
Comment
Domain
setIsSelected:
adapter
versionNumber
setAddresses:
signature
setCancelButton:
setImageData:
block
shuffle
render
visible
setUser:
backButtonTitle
suspended
apply
setController:
setVideoView:
statistics
setScheme:
setEditDelegate:
setCompletion:
setOperation:
setStartValue:
types
setConnection:
setMax:
setLayer:
endElement
setHeaderView:
precision
sync
setDetail:
count:
setLabelFont:
present
socket
setFileWrapper:
flip
setModel:
setPassword:
setPaddingTop:
setMediaType:
scalingFactor
setOrigin:
clip
correction
parser
setAttributes:
setShape:
take
attach
setRequestTimeout:
reshape
Expires
mode:
setContentView:
any
valid
setSymbol:
setPaddingLeft:
int64
setLoading:
durationInSeconds
setPaddingBottom:
Name
setQuery:
setDelay:
setSaturation:
bundle
setHash:
setTimestamp:
pair
setToolbar:
isDirty
setLabelText:
expand
valueForPasteboardType:
bind
curve
Port
setLineHeight:
setContrast:
setLevel:
setReuseIdentifier:
order
